# JRE version: Java(TM) SE Runtime Environment (8.0_202-b08) (build 1.8.0_202-b08)
# Java VM: Java HotSpot(TM) 64-Bit Server VM (25.202-b08 mixed mode bsd-amd64 compressed oops)
Heap:
 PSYoungGen      total 1154560K, used 303936K [0x0000000715580000, 0x0000000775800000, 0x00000007c0000000)
  eden space 1085440K, 23% used [0x0000000715580000,0x0000000724d79b48,0x0000000757980000)
  from space 69120K, 72% used [0x0000000757980000,0x000000075aa56518,0x000000075bd00000)
  to   space 70144K, 0% used [0x0000000771380000,0x0000000771380000,0x0000000775800000)
 ParOldGen       total 331776K, used 129465K [0x00000005c0000000, 0x00000005d4400000, 0x0000000715580000)
  object space 331776K, 39% used [0x00000005c0000000,0x00000005c7e6e438,0x00000005d4400000)
 Metaspace       used 53835K, capacity 54721K, committed 55040K, reserved 1097728K
  class space    used 6801K, capacity 7056K, committed 7168K, reserved 1048576K
GC Heap History (10 events):
Event: 11.649 GC heap before
{Heap before GC invocations=9 (full 1):
 PSYoungGen      total 516096K, used 243136K [0x0000000715580000, 0x000000074e400000, 0x00000007c0000000)
  eden space 466432K, 41% used [0x0000000715580000,0x0000000721270d28,0x0000000731d00000)
  from space 49664K, 99% used [0x0000000731d00000,0x0000000734d7f328,0x0000000734d80000)
  to   space 56832K, 0% used [0x000000074ac80000,0x000000074ac80000,0x000000074e400000)
 ParOldGen       total 225792K, used 46698K [0x00000005c0000000, 0x00000005cdc80000, 0x0000000715580000)
  object space 225792K, 20% used [0x00000005c0000000,0x00000005c2d9a8c8,0x00000005cdc80000)
 Metaspace       used 34760K, capacity 35166K, committed 35496K, reserved 1079296K
  class space    used 4691K, capacity 4836K, committed 4864K, reserved 1048576K
Event: 11.677 GC heap after
Heap after GC invocations=9 (full 1):
 PSYoungGen      total 866816K, used 56819K [0x0000000715580000, 0x000000074ff80000, 0x00000007c0000000)
  eden space 809984K, 0% used [0x0000000715580000,0x0000000715580000,0x0000000746c80000)
  from space 56832K, 99% used [0x000000074ac80000,0x000000074e3fccd0,0x000000074e400000)
  to   space 65536K, 0% used [0x0000000746c80000,0x0000000746c80000,0x000000074ac80000)
 ParOldGen       total 225792K, used 50148K [0x00000005c0000000, 0x00000005cdc80000, 0x0000000715580000)
  object space 225792K, 22% used [0x00000005c0000000,0x00000005c30f9108,0x00000005cdc80000)
 Metaspace       used 34760K, capacity 35166K, committed 35496K, reserved 1079296K
  class space    used 4691K, capacity 4836K, committed 4864K, reserved 1048576K
}
Event: 11.677 GC heap before
{Heap before GC invocations=10 (full 2):
 PSYoungGen      total 866816K, used 56819K [0x0000000715580000, 0x000000074ff80000, 0x00000007c0000000)
  eden space 809984K, 0% used [0x0000000715580000,0x0000000715580000,0x0000000746c80000)
  from space 56832K, 99% used [0x000000074ac80000,0x000000074e3fccd0,0x000000074e400000)
  to   space 65536K, 0% used [0x0000000746c80000,0x0000000746c80000,0x000000074ac80000)
 ParOldGen       total 225792K, used 50148K [0x00000005c0000000, 0x00000005cdc80000, 0x0000000715580000)
  object space 225792K, 22% used [0x00000005c0000000,0x00000005c30f9108,0x00000005cdc80000)
 Metaspace       used 34760K, capacity 35166K, committed 35496K, reserved 1079296K
  class space    used 4691K, capacity 4836K, committed 4864K, reserved 1048576K
Event: 11.782 GC heap after
Heap after GC invocations=10 (full 2):
 PSYoungGen      total 866816K, used 0K [0x0000000715580000, 0x000000074ff80000, 0x00000007c0000000)
  eden space 809984K, 0% used [0x0000000715580000,0x0000000715580000,0x0000000746c80000)
  from space 56832K, 0% used [0x000000074ac80000,0x000000074ac80000,0x000000074e400000)
  to   space 65536K, 0% used [0x0000000746c80000,0x0000000746c80000,0x000000074ac80000)
 ParOldGen       total 331776K, used 98256K [0x00000005c0000000, 0x00000005d4400000, 0x0000000715580000)
  object space 331776K, 29% used [0x00000005c0000000,0x00000005c5ff4360,0x00000005d4400000)
 Metaspace       used 34760K, capacity 35166K, committed 35496K, reserved 1079296K
  class space    used 4691K, capacity 4836K, committed 4864K, reserved 1048576K
}
Event: 16.528 GC heap before
{Heap before GC invocations=11 (full 2):
 PSYoungGen      total 866816K, used 809984K [0x0000000715580000, 0x000000074ff80000, 0x00000007c0000000)
  eden space 809984K, 100% used [0x0000000715580000,0x0000000746c80000,0x0000000746c80000)
  from space 56832K, 0% used [0x000000074ac80000,0x000000074ac80000,0x000000074e400000)
  to   space 65536K, 0% used [0x0000000746c80000,0x0000000746c80000,0x000000074ac80000)
 ParOldGen       total 331776K, used 98256K [0x00000005c0000000, 0x00000005d4400000, 0x0000000715580000)
  object space 331776K, 29% used [0x00000005c0000000,0x00000005c5ff4360,0x00000005d4400000)
 Metaspace       used 44587K, capacity 45293K, committed 45824K, reserved 1089536K
  class space    used 5814K, capacity 6020K, committed 6144K, reserved 1048576K
Event: 16.563 GC heap after
Heap after GC invocations=11 (full 2):
 PSYoungGen      total 875520K, used 62238K [0x0000000715580000, 0x0000000761d80000, 0x00000007c0000000)
  eden space 809984K, 0% used [0x0000000715580000,0x0000000715580000,0x0000000746c80000)
  from space 65536K, 94% used [0x0000000746c80000,0x000000074a9478d0,0x000000074ac80000)
  to   space 72192K, 0% used [0x000000075d700000,0x000000075d700000,0x0000000761d80000)
 ParOldGen       total 331776K, used 98264K [0x00000005c0000000, 0x00000005d4400000, 0x0000000715580000)
  object space 331776K, 29% used [0x00000005c0000000,0x00000005c5ff6360,0x00000005d4400000)
 Metaspace       used 44587K, capacity 45293K, committed 45824K, reserved 1089536K
  class space    used 5814K, capacity 6020K, committed 6144K, reserved 1048576K
}
Event: 22.536 GC heap before
{Heap before GC invocations=12 (full 2):
 PSYoungGen      total 875520K, used 872222K [0x0000000715580000, 0x0000000761d80000, 0x00000007c0000000)
  eden space 809984K, 100% used [0x0000000715580000,0x0000000746c80000,0x0000000746c80000)
  from space 65536K, 94% used [0x0000000746c80000,0x000000074a9478d0,0x000000074ac80000)
  to   space 72192K, 0% used [0x000000075d700000,0x000000075d700000,0x0000000761d80000)
 ParOldGen       total 331776K, used 98264K [0x00000005c0000000, 0x00000005d4400000, 0x0000000715580000)
  object space 331776K, 29% used [0x00000005c0000000,0x00000005c5ff6360,0x00000005d4400000)
 Metaspace       used 46694K, capacity 47467K, committed 48000K, reserved 1091584K
  class space    used 6008K, capacity 6225K, committed 6272K, reserved 1048576K
Event: 22.569 GC heap after
Heap after GC invocations=12 (full 2):
 PSYoungGen      total 1127936K, used 39607K [0x0000000715580000, 0x0000000760080000, 0x00000007c0000000)
  eden space 1085440K, 0% used [0x0000000715580000,0x0000000715580000,0x0000000757980000)
  from space 42496K, 93% used [0x000000075d700000,0x000000075fdadc20,0x0000000760080000)
  to   space 69120K, 0% used [0x0000000757980000,0x0000000757980000,0x000000075bd00000)
 ParOldGen       total 331776K, used 98272K [0x00000005c0000000, 0x00000005d4400000, 0x0000000715580000)
  object space 331776K, 29% used [0x00000005c0000000,0x00000005c5ff8360,0x00000005d4400000)
 Metaspace       used 46694K, capacity 47467K, committed 48000K, reserved 1091584K
  class space    used 6008K, capacity 6225K, committed 6272K, reserved 1048576K
}
Event: 27.893 GC heap before
{Heap before GC invocations=13 (full 2):
 PSYoungGen      total 1127936K, used 1125047K [0x0000000715580000, 0x0000000760080000, 0x00000007c0000000)
  eden space 1085440K, 100% used [0x0000000715580000,0x0000000757980000,0x0000000757980000)
  from space 42496K, 93% used [0x000000075d700000,0x000000075fdadc20,0x0000000760080000)
  to   space 69120K, 0% used [0x0000000757980000,0x0000000757980000,0x000000075bd00000)
 ParOldGen       total 331776K, used 98272K [0x00000005c0000000, 0x00000005d4400000, 0x0000000715580000)
  object space 331776K, 29% used [0x00000005c0000000,0x00000005c5ff8360,0x00000005d4400000)
 Metaspace       used 52349K, capacity 53263K, committed 53504K, reserved 1095680K
  class space    used 6663K, capacity 6895K, committed 6912K, reserved 1048576K
Event: 27.940 GC heap after
Heap after GC invocations=13 (full 2):
 PSYoungGen      total 1154560K, used 50009K [0x0000000715580000, 0x0000000775800000, 0x00000007c0000000)
  eden space 1085440K, 0% used [0x0000000715580000,0x0000000715580000,0x0000000757980000)
  from space 69120K, 72% used [0x0000000757980000,0x000000075aa56518,0x000000075bd00000)
  to   space 70144K, 0% used [0x0000000771380000,0x0000000771380000,0x0000000775800000)
 ParOldGen       total 331776K, used 129465K [0x00000005c0000000, 0x00000005d4400000, 0x0000000715580000)
  object space 331776K, 39% used [0x00000005c0000000,0x00000005c7e6e438,0x00000005d4400000)
 Metaspace       used 52349K, capacity 53263K, committed 53504K, reserved 1095680K
  class space    used 6663K, capacity 6895K, committed 6912K, reserved 1048576K
}

