# JRE version: Java(TM) SE Runtime Environment (8.0_202-b08) (build 1.8.0_202-b08)
# Java VM: Java HotSpot(TM) 64-Bit Server VM (25.202-b08 mixed mode bsd-amd64 compressed oops)
Heap:
 PSYoungGen      total 1899520K, used 491587K [0x0000000715580000, 0x00000007a3680000, 0x00000007c0000000)
  eden space 1815552K, 25% used [0x0000000715580000,0x0000000731accfd8,0x0000000784280000)
  from space 83968K, 32% used [0x0000000784280000,0x0000000785d43d98,0x0000000789480000)
  to   space 81408K, 0% used [0x000000079e700000,0x000000079e700000,0x00000007a3680000)
 ParOldGen       total 371712K, used 212737K [0x00000005c0000000, 0x00000005d6b00000, 0x0000000715580000)
  object space 371712K, 57% used [0x00000005c0000000,0x00000005ccfc0440,0x00000005d6b00000)
 Metaspace       used 63361K, capacity 64499K, committed 64768K, reserved 1105920K
  class space    used 7803K, capacity 8085K, committed 8192K, reserved 1048576K
GC Heap History (10 events):
Event: 38.750 GC heap before
{Heap before GC invocations=16 (full 4):
 PSYoungGen      total 1570304K, used 692082K [0x0000000715580000, 0x000000077a980000, 0x00000007c0000000)
  eden space 1489920K, 46% used [0x0000000715580000,0x000000073f95c9f8,0x0000000770480000)
  from space 80384K, 0% used [0x0000000770480000,0x0000000770480000,0x0000000775300000)
  to   space 84480K, 0% used [0x0000000775700000,0x0000000775700000,0x000000077a980000)
 ParOldGen       total 371712K, used 161340K [0x00000005c0000000, 0x00000005d6b00000, 0x0000000715580000)
  object space 371712K, 43% used [0x00000005c0000000,0x00000005c9d8f040,0x00000005d6b00000)
 Metaspace       used 60646K, capacity 61759K, committed 62080K, reserved 1103872K
  class space    used 7679K, capacity 7959K, committed 8064K, reserved 1048576K
Event: 38.784 GC heap after
Heap after GC invocations=16 (full 4):
 PSYoungGen      total 1572352K, used 57126K [0x0000000715580000, 0x000000077ad80000, 0x00000007c0000000)
  eden space 1487872K, 0% used [0x0000000715580000,0x0000000715580000,0x0000000770280000)
  from space 84480K, 67% used [0x0000000775700000,0x0000000778ec9a68,0x000000077a980000)
  to   space 86528K, 0% used [0x0000000770280000,0x0000000770280000,0x0000000775700000)
 ParOldGen       total 371712K, used 161348K [0x00000005c0000000, 0x00000005d6b00000, 0x0000000715580000)
  object space 371712K, 43% used [0x00000005c0000000,0x00000005c9d91040,0x00000005d6b00000)
 Metaspace       used 60646K, capacity 61759K, committed 62080K, reserved 1103872K
  class space    used 7679K, capacity 7959K, committed 8064K, reserved 1048576K
}
Event: 38.784 GC heap before
{Heap before GC invocations=17 (full 5):
 PSYoungGen      total 1572352K, used 57126K [0x0000000715580000, 0x000000077ad80000, 0x00000007c0000000)
  eden space 1487872K, 0% used [0x0000000715580000,0x0000000715580000,0x0000000770280000)
  from space 84480K, 67% used [0x0000000775700000,0x0000000778ec9a68,0x000000077a980000)
  to   space 86528K, 0% used [0x0000000770280000,0x0000000770280000,0x0000000775700000)
 ParOldGen       total 371712K, used 161348K [0x00000005c0000000, 0x00000005d6b00000, 0x0000000715580000)
  object space 371712K, 43% used [0x00000005c0000000,0x00000005c9d91040,0x00000005d6b00000)
 Metaspace       used 60646K, capacity 61759K, committed 62080K, reserved 1103872K
  class space    used 7679K, capacity 7959K, committed 8064K, reserved 1048576K
Event: 39.169 GC heap after
Heap after GC invocations=17 (full 5):
 PSYoungGen      total 1572352K, used 0K [0x0000000715580000, 0x000000077ad80000, 0x00000007c0000000)
  eden space 1487872K, 0% used [0x0000000715580000,0x0000000715580000,0x0000000770280000)
  from space 84480K, 0% used [0x0000000775700000,0x0000000775700000,0x000000077a980000)
  to   space 86528K, 0% used [0x0000000770280000,0x0000000770280000,0x0000000775700000)
 ParOldGen       total 371712K, used 212721K [0x00000005c0000000, 0x00000005d6b00000, 0x0000000715580000)
  object space 371712K, 57% used [0x00000005c0000000,0x00000005ccfbc440,0x00000005d6b00000)
 Metaspace       used 60646K, capacity 61759K, committed 62080K, reserved 1103872K
  class space    used 7679K, capacity 7959K, committed 8064K, reserved 1048576K
}
Event: 45.373 GC heap before
{Heap before GC invocations=18 (full 5):
 PSYoungGen      total 1572352K, used 1487872K [0x0000000715580000, 0x000000077ad80000, 0x00000007c0000000)
  eden space 1487872K, 100% used [0x0000000715580000,0x0000000770280000,0x0000000770280000)
  from space 84480K, 0% used [0x0000000775700000,0x0000000775700000,0x000000077a980000)
  to   space 86528K, 0% used [0x0000000770280000,0x0000000770280000,0x0000000775700000)
 ParOldGen       total 371712K, used 212721K [0x00000005c0000000, 0x00000005d6b00000, 0x0000000715580000)
  object space 371712K, 57% used [0x00000005c0000000,0x00000005ccfbc440,0x00000005d6b00000)
 Metaspace       used 62411K, capacity 63487K, committed 63616K, reserved 1105920K
  class space    used 7784K, capacity 8047K, committed 8064K, reserved 1048576K
Event: 45.391 GC heap after
Heap after GC invocations=18 (full 5):
 PSYoungGen      total 1574400K, used 19768K [0x0000000715580000, 0x0000000791500000, 0x00000007c0000000)
  eden space 1487872K, 0% used [0x0000000715580000,0x0000000715580000,0x0000000770280000)
  from space 86528K, 22% used [0x0000000770280000,0x00000007715ce068,0x0000000775700000)
  to   space 85504K, 0% used [0x000000078c180000,0x000000078c180000,0x0000000791500000)
 ParOldGen       total 371712K, used 212729K [0x00000005c0000000, 0x00000005d6b00000, 0x0000000715580000)
  object space 371712K, 57% used [0x00000005c0000000,0x00000005ccfbe440,0x00000005d6b00000)
 Metaspace       used 62411K, capacity 63487K, committed 63616K, reserved 1105920K
  class space    used 7784K, capacity 8047K, committed 8064K, reserved 1048576K
}
Event: 56.233 GC heap before
{Heap before GC invocations=19 (full 5):
 PSYoungGen      total 1574400K, used 1507640K [0x0000000715580000, 0x0000000791500000, 0x00000007c0000000)
  eden space 1487872K, 100% used [0x0000000715580000,0x0000000770280000,0x0000000770280000)
  from space 86528K, 22% used [0x0000000770280000,0x00000007715ce068,0x0000000775700000)
  to   space 85504K, 0% used [0x000000078c180000,0x000000078c180000,0x0000000791500000)
 ParOldGen       total 371712K, used 212729K [0x00000005c0000000, 0x00000005d6b00000, 0x0000000715580000)
  object space 371712K, 57% used [0x00000005c0000000,0x00000005ccfbe440,0x00000005d6b00000)
 Metaspace       used 63136K, capacity 64263K, committed 64640K, reserved 1105920K
  class space    used 7792K, capacity 8049K, committed 8064K, reserved 1048576K
Event: 56.256 GC heap after
Heap after GC invocations=19 (full 5):
 PSYoungGen      total 1853440K, used 22143K [0x0000000715580000, 0x000000078e680000, 0x00000007c0000000)
  eden space 1815552K, 0% used [0x0000000715580000,0x0000000715580000,0x0000000784280000)
  from space 37888K, 58% used [0x000000078c180000,0x000000078d71fdb0,0x000000078e680000)
  to   space 83968K, 0% used [0x0000000784280000,0x0000000784280000,0x0000000789480000)
 ParOldGen       total 371712K, used 212729K [0x00000005c0000000, 0x00000005d6b00000, 0x0000000715580000)
  object space 371712K, 57% used [0x00000005c0000000,0x00000005ccfbe440,0x00000005d6b00000)
 Metaspace       used 63136K, capacity 64263K, committed 64640K, reserved 1105920K
  class space    used 7792K, capacity 8049K, committed 8064K, reserved 1048576K
}
Event: 72.366 GC heap before
{Heap before GC invocations=20 (full 5):
 PSYoungGen      total 1853440K, used 1837695K [0x0000000715580000, 0x000000078e680000, 0x00000007c0000000)
  eden space 1815552K, 100% used [0x0000000715580000,0x0000000784280000,0x0000000784280000)
  from space 37888K, 58% used [0x000000078c180000,0x000000078d71fdb0,0x000000078e680000)
  to   space 83968K, 0% used [0x0000000784280000,0x0000000784280000,0x0000000789480000)
 ParOldGen       total 371712K, used 212729K [0x00000005c0000000, 0x00000005d6b00000, 0x0000000715580000)
  object space 371712K, 57% used [0x00000005c0000000,0x00000005ccfbe440,0x00000005d6b00000)
 Metaspace       used 63242K, capacity 64333K, committed 64640K, reserved 1105920K
  class space    used 7792K, capacity 8050K, committed 8064K, reserved 1048576K
Event: 72.395 GC heap after
Heap after GC invocations=20 (full 5):
 PSYoungGen      total 1899520K, used 27407K [0x0000000715580000, 0x00000007a3680000, 0x00000007c0000000)
  eden space 1815552K, 0% used [0x0000000715580000,0x0000000715580000,0x0000000784280000)
  from space 83968K, 32% used [0x0000000784280000,0x0000000785d43d98,0x0000000789480000)
  to   space 81408K, 0% used [0x000000079e700000,0x000000079e700000,0x00000007a3680000)
 ParOldGen       total 371712K, used 212737K [0x00000005c0000000, 0x00000005d6b00000, 0x0000000715580000)
  object space 371712K, 57% used [0x00000005c0000000,0x00000005ccfc0440,0x00000005d6b00000)
 Metaspace       used 63242K, capacity 64333K, committed 64640K, reserved 1105920K
  class space    used 7792K, capacity 8050K, committed 8064K, reserved 1048576K
}

