# JRE version: Java(TM) SE Runtime Environment (8.0_202-b08) (build 1.8.0_202-b08)
# Java VM: Java HotSpot(TM) 64-Bit Server VM (25.202-b08 mixed mode bsd-amd64 compressed oops)
Heap:
 PSYoungGen      total 1947136K, used 732295K [0x0000000715580000, 0x00000007a7a80000, 0x00000007c0000000)
  eden space 1916416K, 36% used [0x0000000715580000,0x00000007402a9618,0x000000078a500000)
  from space 30720K, 99% used [0x00000007a2180000,0x00000007a3f78938,0x00000007a3f80000)
  to   space 57856K, 0% used [0x00000007a4200000,0x00000007a4200000,0x00000007a7a80000)
 ParOldGen       total 374784K, used 209835K [0x00000005c0000000, 0x00000005d6e00000, 0x0000000715580000)
  object space 374784K, 55% used [0x00000005c0000000,0x00000005ccceaed8,0x00000005d6e00000)
 Metaspace       used 64329K, capacity 65581K, committed 65792K, reserved 1107968K
  class space    used 7888K, capacity 8158K, committed 8192K, reserved 1048576K
GC Heap History (10 events):
Event: 182.557 GC heap before
{Heap before GC invocations=24 (full 5):
 PSYoungGen      total 2445312K, used 2441240K [0x0000000715580000, 0x00000007b1a80000, 0x00000007c0000000)
  eden space 2413568K, 100% used [0x0000000715580000,0x00000007a8a80000,0x00000007a8a80000)
  from space 31744K, 87% used [0x00000007afb80000,0x00000007b1686298,0x00000007b1a80000)
  to   space 73728K, 0% used [0x00000007a8a80000,0x00000007a8a80000,0x00000007ad280000)
 ParOldGen       total 374784K, used 209811K [0x00000005c0000000, 0x00000005d6e00000, 0x0000000715580000)
  object space 374784K, 55% used [0x00000005c0000000,0x00000005ccce4ed8,0x00000005d6e00000)
 Metaspace       used 63946K, capacity 65071K, committed 65280K, reserved 1105920K
  class space    used 7853K, capacity 8123K, committed 8192K, reserved 1048576K
Event: 182.599 GC heap after
Heap after GC invocations=24 (full 5):
 PSYoungGen      total 2333696K, used 29463K [0x0000000715580000, 0x00000007afc00000, 0x00000007c0000000)
  eden space 2304000K, 0% used [0x0000000715580000,0x0000000715580000,0x00000007a1f80000)
  from space 29696K, 99% used [0x00000007a8a80000,0x00000007aa745cb0,0x00000007aa780000)
  to   space 70144K, 0% used [0x00000007ab780000,0x00000007ab780000,0x00000007afc00000)
 ParOldGen       total 374784K, used 209819K [0x00000005c0000000, 0x00000005d6e00000, 0x0000000715580000)
  object space 374784K, 55% used [0x00000005c0000000,0x00000005ccce6ed8,0x00000005d6e00000)
 Metaspace       used 63946K, capacity 65071K, committed 65280K, reserved 1105920K
  class space    used 7853K, capacity 8123K, committed 8192K, reserved 1048576K
}
Event: 208.568 GC heap before
{Heap before GC invocations=25 (full 5):
 PSYoungGen      total 2333696K, used 2333463K [0x0000000715580000, 0x00000007afc00000, 0x00000007c0000000)
  eden space 2304000K, 100% used [0x0000000715580000,0x00000007a1f80000,0x00000007a1f80000)
  from space 29696K, 99% used [0x00000007a8a80000,0x00000007aa745cb0,0x00000007aa780000)
  to   space 70144K, 0% used [0x00000007ab780000,0x00000007ab780000,0x00000007afc00000)
 ParOldGen       total 374784K, used 209819K [0x00000005c0000000, 0x00000005d6e00000, 0x0000000715580000)
  object space 374784K, 55% used [0x00000005c0000000,0x00000005ccce6ed8,0x00000005d6e00000)
 Metaspace       used 63974K, capacity 65071K, committed 65280K, reserved 1105920K
  class space    used 7853K, capacity 8123K, committed 8192K, reserved 1048576K
Event: 208.624 GC heap after
Heap after GC invocations=25 (full 5):
 PSYoungGen      total 2230272K, used 30393K [0x0000000715580000, 0x00000007ad580000, 0x00000007c0000000)
  eden space 2199552K, 0% used [0x0000000715580000,0x0000000715580000,0x000000079b980000)
  from space 30720K, 98% used [0x00000007ab780000,0x00000007ad52e658,0x00000007ad580000)
  to   space 66560K, 0% used [0x00000007a5380000,0x00000007a5380000,0x00000007a9480000)
 ParOldGen       total 374784K, used 209827K [0x00000005c0000000, 0x00000005d6e00000, 0x0000000715580000)
  object space 374784K, 55% used [0x00000005c0000000,0x00000005ccce8ed8,0x00000005d6e00000)
 Metaspace       used 63974K, capacity 65071K, committed 65280K, reserved 1105920K
  class space    used 7853K, capacity 8123K, committed 8192K, reserved 1048576K
}
Event: 234.307 GC heap before
{Heap before GC invocations=26 (full 5):
 PSYoungGen      total 2230272K, used 2229945K [0x0000000715580000, 0x00000007ad580000, 0x00000007c0000000)
  eden space 2199552K, 100% used [0x0000000715580000,0x000000079b980000,0x000000079b980000)
  from space 30720K, 98% used [0x00000007ab780000,0x00000007ad52e658,0x00000007ad580000)
  to   space 66560K, 0% used [0x00000007a5380000,0x00000007a5380000,0x00000007a9480000)
 ParOldGen       total 374784K, used 209827K [0x00000005c0000000, 0x00000005d6e00000, 0x0000000715580000)
  object space 374784K, 55% used [0x00000005c0000000,0x00000005ccce8ed8,0x00000005d6e00000)
 Metaspace       used 64135K, capacity 65311K, committed 65536K, reserved 1105920K
  class space    used 7876K, capacity 8153K, committed 8192K, reserved 1048576K
Event: 234.333 GC heap after
Heap after GC invocations=26 (full 5):
 PSYoungGen      total 2131456K, used 31069K [0x0000000715580000, 0x00000007ab800000, 0x00000007c0000000)
  eden space 2100224K, 0% used [0x0000000715580000,0x0000000715580000,0x0000000795880000)
  from space 31232K, 99% used [0x00000007a5380000,0x00000007a71d7578,0x00000007a7200000)
  to   space 63488K, 0% used [0x00000007a7a00000,0x00000007a7a00000,0x00000007ab800000)
 ParOldGen       total 374784K, used 209827K [0x00000005c0000000, 0x00000005d6e00000, 0x0000000715580000)
  object space 374784K, 55% used [0x00000005c0000000,0x00000005ccce8ed8,0x00000005d6e00000)
 Metaspace       used 64135K, capacity 65311K, committed 65536K, reserved 1105920K
  class space    used 7876K, capacity 8153K, committed 8192K, reserved 1048576K
}
Event: 269.963 GC heap before
{Heap before GC invocations=27 (full 5):
 PSYoungGen      total 2131456K, used 2131293K [0x0000000715580000, 0x00000007ab800000, 0x00000007c0000000)
  eden space 2100224K, 100% used [0x0000000715580000,0x0000000795880000,0x0000000795880000)
  from space 31232K, 99% used [0x00000007a5380000,0x00000007a71d7578,0x00000007a7200000)
  to   space 63488K, 0% used [0x00000007a7a00000,0x00000007a7a00000,0x00000007ab800000)
 ParOldGen       total 374784K, used 209827K [0x00000005c0000000, 0x00000005d6e00000, 0x0000000715580000)
  object space 374784K, 55% used [0x00000005c0000000,0x00000005ccce8ed8,0x00000005d6e00000)
 Metaspace       used 64243K, capacity 65507K, committed 65792K, reserved 1107968K
  class space    used 7881K, capacity 8153K, committed 8192K, reserved 1048576K
Event: 269.996 GC heap after
Heap after GC invocations=27 (full 5):
 PSYoungGen      total 2037248K, used 30792K [0x0000000715580000, 0x00000007a9880000, 0x00000007c0000000)
  eden space 2006016K, 0% used [0x0000000715580000,0x0000000715580000,0x000000078fc80000)
  from space 31232K, 98% used [0x00000007a7a00000,0x00000007a98123b8,0x00000007a9880000)
  to   space 60928K, 0% used [0x00000007a2180000,0x00000007a2180000,0x00000007a5d00000)
 ParOldGen       total 374784K, used 209835K [0x00000005c0000000, 0x00000005d6e00000, 0x0000000715580000)
  object space 374784K, 55% used [0x00000005c0000000,0x00000005ccceaed8,0x00000005d6e00000)
 Metaspace       used 64243K, capacity 65507K, committed 65792K, reserved 1107968K
  class space    used 7881K, capacity 8153K, committed 8192K, reserved 1048576K
}
Event: 289.017 GC heap before
{Heap before GC invocations=28 (full 5):
 PSYoungGen      total 2037248K, used 2036808K [0x0000000715580000, 0x00000007a9880000, 0x00000007c0000000)
  eden space 2006016K, 100% used [0x0000000715580000,0x000000078fc80000,0x000000078fc80000)
  from space 31232K, 98% used [0x00000007a7a00000,0x00000007a98123b8,0x00000007a9880000)
  to   space 60928K, 0% used [0x00000007a2180000,0x00000007a2180000,0x00000007a5d00000)
 ParOldGen       total 374784K, used 209835K [0x00000005c0000000, 0x00000005d6e00000, 0x0000000715580000)
  object space 374784K, 55% used [0x00000005c0000000,0x00000005ccceaed8,0x00000005d6e00000)
 Metaspace       used 64266K, capacity 65507K, committed 65792K, reserved 1107968K
  class space    used 7881K, capacity 8153K, committed 8192K, reserved 1048576K
Event: 289.042 GC heap after
Heap after GC invocations=28 (full 5):
 PSYoungGen      total 1947136K, used 30690K [0x0000000715580000, 0x00000007a7a80000, 0x00000007c0000000)
  eden space 1916416K, 0% used [0x0000000715580000,0x0000000715580000,0x000000078a500000)
  from space 30720K, 99% used [0x00000007a2180000,0x00000007a3f78938,0x00000007a3f80000)
  to   space 57856K, 0% used [0x00000007a4200000,0x00000007a4200000,0x00000007a7a80000)
 ParOldGen       total 374784K, used 209835K [0x00000005c0000000, 0x00000005d6e00000, 0x0000000715580000)
  object space 374784K, 55% used [0x00000005c0000000,0x00000005ccceaed8,0x00000005d6e00000)
 Metaspace       used 64266K, capacity 65507K, committed 65792K, reserved 1107968K
  class space    used 7881K, capacity 8153K, committed 8192K, reserved 1048576K
}

