# JRE version: Java(TM) SE Runtime Environment (8.0_202-b08) (build 1.8.0_202-b08)
# Java VM: Java HotSpot(TM) 64-Bit Server VM (25.202-b08 mixed mode bsd-amd64 compressed oops)
Heap:
 PSYoungGen      total 1969152K, used 43113K [0x0000000715580000, 0x0000000795c00000, 0x00000007c0000000)
  eden space 1942016K, 2% used [0x0000000715580000,0x0000000717f9a778,0x000000078be00000)
  from space 27136K, 0% used [0x000000078be00000,0x000000078be00000,0x000000078d880000)
  to   space 80896K, 0% used [0x0000000790d00000,0x0000000790d00000,0x0000000795c00000)
 ParOldGen       total 378368K, used 172549K [0x00000005c0000000, 0x00000005d7180000, 0x0000000715580000)
  object space 378368K, 45% used [0x00000005c0000000,0x00000005ca881520,0x00000005d7180000)
 Metaspace       used 63561K, capacity 64697K, committed 65024K, reserved 1105920K
  class space    used 7818K, capacity 8088K, committed 8192K, reserved 1048576K
GC Heap History (10 events):
Event: 70.033 GC heap before
{Heap before GC invocations=19 (full 5):
 PSYoungGen      total 1492992K, used 1418055K [0x0000000715580000, 0x0000000789e80000, 0x00000007c0000000)
  eden space 1401344K, 100% used [0x0000000715580000,0x000000076ae00000,0x000000076ae00000)
  from space 91648K, 18% used [0x000000076ae00000,0x000000076be51d28,0x0000000770780000)
  to   space 91136K, 0% used [0x0000000784580000,0x0000000784580000,0x0000000789e80000)
 ParOldGen       total 378368K, used 210167K [0x00000005c0000000, 0x00000005d7180000, 0x0000000715580000)
  object space 378368K, 55% used [0x00000005c0000000,0x00000005ccd3dcc8,0x00000005d7180000)
 Metaspace       used 63155K, capacity 64269K, committed 64640K, reserved 1105920K
  class space    used 7798K, capacity 8052K, committed 8064K, reserved 1048576K
Event: 70.055 GC heap after
Heap after GC invocations=19 (full 5):
 PSYoungGen      total 1729536K, used 20349K [0x0000000715580000, 0x0000000787180000, 0x00000007c0000000)
  eden space 1684480K, 0% used [0x0000000715580000,0x0000000715580000,0x000000077c280000)
  from space 45056K, 45% used [0x0000000784580000,0x000000078595f680,0x0000000787180000)
  to   space 89600K, 0% used [0x000000077c280000,0x000000077c280000,0x0000000781a00000)
 ParOldGen       total 378368K, used 210167K [0x00000005c0000000, 0x00000005d7180000, 0x0000000715580000)
  object space 378368K, 55% used [0x00000005c0000000,0x00000005ccd3dcc8,0x00000005d7180000)
 Metaspace       used 63155K, capacity 64269K, committed 64640K, reserved 1105920K
  class space    used 7798K, capacity 8052K, committed 8064K, reserved 1048576K
}
Event: 88.132 GC heap before
{Heap before GC invocations=20 (full 5):
 PSYoungGen      total 1729536K, used 1704829K [0x0000000715580000, 0x0000000787180000, 0x00000007c0000000)
  eden space 1684480K, 100% used [0x0000000715580000,0x000000077c280000,0x000000077c280000)
  from space 45056K, 45% used [0x0000000784580000,0x000000078595f680,0x0000000787180000)
  to   space 89600K, 0% used [0x000000077c280000,0x000000077c280000,0x0000000781a00000)
 ParOldGen       total 378368K, used 210167K [0x00000005c0000000, 0x00000005d7180000, 0x0000000715580000)
  object space 378368K, 55% used [0x00000005c0000000,0x00000005ccd3dcc8,0x00000005d7180000)
 Metaspace       used 63382K, capacity 64499K, committed 64768K, reserved 1105920K
  class space    used 7809K, capacity 8085K, committed 8192K, reserved 1048576K
Event: 88.167 GC heap after
Heap after GC invocations=20 (full 5):
 PSYoungGen      total 1774080K, used 23187K [0x0000000715580000, 0x0000000798f80000, 0x00000007c0000000)
  eden space 1684480K, 0% used [0x0000000715580000,0x0000000715580000,0x000000077c280000)
  from space 89600K, 25% used [0x000000077c280000,0x000000077d924cc0,0x0000000781a00000)
  to   space 87040K, 0% used [0x0000000793a80000,0x0000000793a80000,0x0000000798f80000)
 ParOldGen       total 378368K, used 210167K [0x00000005c0000000, 0x00000005d7180000, 0x0000000715580000)
  object space 378368K, 55% used [0x00000005c0000000,0x00000005ccd3dcc8,0x00000005d7180000)
 Metaspace       used 63382K, capacity 64499K, committed 64768K, reserved 1105920K
  class space    used 7809K, capacity 8085K, committed 8192K, reserved 1048576K
}
Event: 103.432 GC heap before
{Heap before GC invocations=21 (full 5):
 PSYoungGen      total 1774080K, used 1707667K [0x0000000715580000, 0x0000000798f80000, 0x00000007c0000000)
  eden space 1684480K, 100% used [0x0000000715580000,0x000000077c280000,0x000000077c280000)
  from space 89600K, 25% used [0x000000077c280000,0x000000077d924cc0,0x0000000781a00000)
  to   space 87040K, 0% used [0x0000000793a80000,0x0000000793a80000,0x0000000798f80000)
 ParOldGen       total 378368K, used 210167K [0x00000005c0000000, 0x00000005d7180000, 0x0000000715580000)
  object space 378368K, 55% used [0x00000005c0000000,0x00000005ccd3dcc8,0x00000005d7180000)
 Metaspace       used 63451K, capacity 64627K, committed 65024K, reserved 1105920K
  class space    used 7809K, capacity 8085K, committed 8192K, reserved 1048576K
Event: 103.454 GC heap after
Heap after GC invocations=21 (full 5):
 PSYoungGen      total 1983488K, used 23875K [0x0000000715580000, 0x0000000796300000, 0x00000007c0000000)
  eden space 1942016K, 0% used [0x0000000715580000,0x0000000715580000,0x000000078be00000)
  from space 41472K, 57% used [0x0000000793a80000,0x00000007951d0e48,0x0000000796300000)
  to   space 84480K, 0% used [0x000000078be00000,0x000000078be00000,0x0000000791080000)
 ParOldGen       total 378368K, used 210167K [0x00000005c0000000, 0x00000005d7180000, 0x0000000715580000)
  object space 378368K, 55% used [0x00000005c0000000,0x00000005ccd3dcc8,0x00000005d7180000)
 Metaspace       used 63451K, capacity 64627K, committed 65024K, reserved 1105920K
  class space    used 7809K, capacity 8085K, committed 8192K, reserved 1048576K
}
Event: 106.049 GC heap before
{Heap before GC invocations=22 (full 5):
 PSYoungGen      total 1983488K, used 184574K [0x0000000715580000, 0x0000000796300000, 0x00000007c0000000)
  eden space 1942016K, 8% used [0x0000000715580000,0x000000071f26ea68,0x000000078be00000)
  from space 41472K, 57% used [0x0000000793a80000,0x00000007951d0e48,0x0000000796300000)
  to   space 84480K, 0% used [0x000000078be00000,0x000000078be00000,0x0000000791080000)
 ParOldGen       total 378368K, used 210167K [0x00000005c0000000, 0x00000005d7180000, 0x0000000715580000)
  object space 378368K, 55% used [0x00000005c0000000,0x00000005ccd3dcc8,0x00000005d7180000)
 Metaspace       used 63544K, capacity 64697K, committed 65024K, reserved 1105920K
  class space    used 7817K, capacity 8088K, committed 8192K, reserved 1048576K
Event: 106.068 GC heap after
Heap after GC invocations=22 (full 5):
 PSYoungGen      total 1969152K, used 26899K [0x0000000715580000, 0x0000000795c00000, 0x00000007c0000000)
  eden space 1942016K, 0% used [0x0000000715580000,0x0000000715580000,0x000000078be00000)
  from space 27136K, 99% used [0x000000078be00000,0x000000078d844c20,0x000000078d880000)
  to   space 80896K, 0% used [0x0000000790d00000,0x0000000790d00000,0x0000000795c00000)
 ParOldGen       total 378368K, used 210167K [0x00000005c0000000, 0x00000005d7180000, 0x0000000715580000)
  object space 378368K, 55% used [0x00000005c0000000,0x00000005ccd3dcc8,0x00000005d7180000)
 Metaspace       used 63544K, capacity 64697K, committed 65024K, reserved 1105920K
  class space    used 7817K, capacity 8088K, committed 8192K, reserved 1048576K
}
Event: 106.068 GC heap before
{Heap before GC invocations=23 (full 6):
 PSYoungGen      total 1969152K, used 26899K [0x0000000715580000, 0x0000000795c00000, 0x00000007c0000000)
  eden space 1942016K, 0% used [0x0000000715580000,0x0000000715580000,0x000000078be00000)
  from space 27136K, 99% used [0x000000078be00000,0x000000078d844c20,0x000000078d880000)
  to   space 80896K, 0% used [0x0000000790d00000,0x0000000790d00000,0x0000000795c00000)
 ParOldGen       total 378368K, used 210167K [0x00000005c0000000, 0x00000005d7180000, 0x0000000715580000)
  object space 378368K, 55% used [0x00000005c0000000,0x00000005ccd3dcc8,0x00000005d7180000)
 Metaspace       used 63544K, capacity 64697K, committed 65024K, reserved 1105920K
  class space    used 7817K, capacity 8088K, committed 8192K, reserved 1048576K
Event: 106.346 GC heap after
Heap after GC invocations=23 (full 6):
 PSYoungGen      total 1969152K, used 0K [0x0000000715580000, 0x0000000795c00000, 0x00000007c0000000)
  eden space 1942016K, 0% used [0x0000000715580000,0x0000000715580000,0x000000078be00000)
  from space 27136K, 0% used [0x000000078be00000,0x000000078be00000,0x000000078d880000)
  to   space 80896K, 0% used [0x0000000790d00000,0x0000000790d00000,0x0000000795c00000)
 ParOldGen       total 378368K, used 172549K [0x00000005c0000000, 0x00000005d7180000, 0x0000000715580000)
  object space 378368K, 45% used [0x00000005c0000000,0x00000005ca881520,0x00000005d7180000)
 Metaspace       used 63544K, capacity 64697K, committed 65024K, reserved 1105920K
  class space    used 7817K, capacity 8088K, committed 8192K, reserved 1048576K
}

