# JRE version: Java(TM) SE Runtime Environment (8.0_202-b08) (build 1.8.0_202-b08)
# Java VM: Java HotSpot(TM) 64-Bit Server VM (25.202-b08 mixed mode bsd-amd64 compressed oops)
Heap:
 PSYoungGen      total 1226240K, used 131307K [0x0000000715580000, 0x0000000776780000, 0x00000007c0000000)
  eden space 1157120K, 5% used [0x0000000715580000,0x000000071923c3d0,0x000000075bf80000)
  from space 69120K, 99% used [0x000000075bf80000,0x00000007602fead0,0x0000000760300000)
  to   space 82432K, 0% used [0x0000000771700000,0x0000000771700000,0x0000000776780000)
 ParOldGen       total 374784K, used 111565K [0x00000005c0000000, 0x00000005d6e00000, 0x0000000715580000)
  object space 374784K, 29% used [0x00000005c0000000,0x00000005c6cf3510,0x00000005d6e00000)
 Metaspace       used 52500K, capacity 53251K, committed 53504K, reserved 1095680K
  class space    used 6651K, capacity 6853K, committed 6912K, reserved 1048576K
GC Heap History (10 events):
Event: 12.942 GC heap before
{Heap before GC invocations=7 (full 1):
 PSYoungGen      total 547840K, used 420752K [0x0000000715580000, 0x000000074c600000, 0x00000007c0000000)
  eden space 526336K, 75% used [0x0000000715580000,0x000000072db6af68,0x0000000735780000)
  from space 21504K, 99% used [0x0000000735780000,0x0000000736c79368,0x0000000736c80000)
  to   space 62976K, 0% used [0x0000000748880000,0x0000000748880000,0x000000074c600000)
 ParOldGen       total 251392K, used 74657K [0x00000005c0000000, 0x00000005cf580000, 0x0000000715580000)
  object space 251392K, 29% used [0x00000005c0000000,0x00000005c48e8480,0x00000005cf580000)
 Metaspace       used 34880K, capacity 35262K, committed 35496K, reserved 1079296K
  class space    used 4689K, capacity 4832K, committed 4864K, reserved 1048576K
Event: 12.971 GC heap after
Heap after GC invocations=7 (full 1):
 PSYoungGen      total 838144K, used 43686K [0x0000000715580000, 0x0000000753e80000, 0x00000007c0000000)
  eden space 775168K, 0% used [0x0000000715580000,0x0000000715580000,0x0000000744a80000)
  from space 62976K, 69% used [0x0000000748880000,0x000000074b329840,0x000000074c600000)
  to   space 63488K, 0% used [0x0000000744a80000,0x0000000744a80000,0x0000000748880000)
 ParOldGen       total 251392K, used 74665K [0x00000005c0000000, 0x00000005cf580000, 0x0000000715580000)
  object space 251392K, 29% used [0x00000005c0000000,0x00000005c48ea480,0x00000005cf580000)
 Metaspace       used 34880K, capacity 35262K, committed 35496K, reserved 1079296K
  class space    used 4689K, capacity 4832K, committed 4864K, reserved 1048576K
}
Event: 12.971 GC heap before
{Heap before GC invocations=8 (full 2):
 PSYoungGen      total 838144K, used 43686K [0x0000000715580000, 0x0000000753e80000, 0x00000007c0000000)
  eden space 775168K, 0% used [0x0000000715580000,0x0000000715580000,0x0000000744a80000)
  from space 62976K, 69% used [0x0000000748880000,0x000000074b329840,0x000000074c600000)
  to   space 63488K, 0% used [0x0000000744a80000,0x0000000744a80000,0x0000000748880000)
 ParOldGen       total 251392K, used 74665K [0x00000005c0000000, 0x00000005cf580000, 0x0000000715580000)
  object space 251392K, 29% used [0x00000005c0000000,0x00000005c48ea480,0x00000005cf580000)
 Metaspace       used 34880K, capacity 35262K, committed 35496K, reserved 1079296K
  class space    used 4689K, capacity 4832K, committed 4864K, reserved 1048576K
Event: 13.102 GC heap after
Heap after GC invocations=8 (full 2):
 PSYoungGen      total 838144K, used 0K [0x0000000715580000, 0x0000000753e80000, 0x00000007c0000000)
  eden space 775168K, 0% used [0x0000000715580000,0x0000000715580000,0x0000000744a80000)
  from space 62976K, 0% used [0x0000000748880000,0x0000000748880000,0x000000074c600000)
  to   space 63488K, 0% used [0x0000000744a80000,0x0000000744a80000,0x0000000748880000)
 ParOldGen       total 374784K, used 100045K [0x00000005c0000000, 0x00000005d6e00000, 0x0000000715580000)
  object space 374784K, 26% used [0x00000005c0000000,0x00000005c61b36b0,0x00000005d6e00000)
 Metaspace       used 34880K, capacity 35262K, committed 35496K, reserved 1079296K
  class space    used 4689K, capacity 4832K, committed 4864K, reserved 1048576K
}
Event: 18.985 GC heap before
{Heap before GC invocations=9 (full 2):
 PSYoungGen      total 838144K, used 775168K [0x0000000715580000, 0x0000000753e80000, 0x00000007c0000000)
  eden space 775168K, 100% used [0x0000000715580000,0x0000000744a80000,0x0000000744a80000)
  from space 62976K, 0% used [0x0000000748880000,0x0000000748880000,0x000000074c600000)
  to   space 63488K, 0% used [0x0000000744a80000,0x0000000744a80000,0x0000000748880000)
 ParOldGen       total 374784K, used 100045K [0x00000005c0000000, 0x00000005d6e00000, 0x0000000715580000)
  object space 374784K, 26% used [0x00000005c0000000,0x00000005c61b36b0,0x00000005d6e00000)
 Metaspace       used 44934K, capacity 45663K, committed 46080K, reserved 1089536K
  class space    used 5833K, capacity 6041K, committed 6144K, reserved 1048576K
Event: 19.036 GC heap after
Heap after GC invocations=9 (full 2):
 PSYoungGen      total 838656K, used 62635K [0x0000000715580000, 0x0000000766800000, 0x00000007c0000000)
  eden space 775168K, 0% used [0x0000000715580000,0x0000000715580000,0x0000000744a80000)
  from space 63488K, 98% used [0x0000000744a80000,0x00000007487aae28,0x0000000748880000)
  to   space 72704K, 0% used [0x0000000762100000,0x0000000762100000,0x0000000766800000)
 ParOldGen       total 374784K, used 100045K [0x00000005c0000000, 0x00000005d6e00000, 0x0000000715580000)
  object space 374784K, 26% used [0x00000005c0000000,0x00000005c61b36b0,0x00000005d6e00000)
 Metaspace       used 44934K, capacity 45663K, committed 46080K, reserved 1089536K
  class space    used 5833K, capacity 6041K, committed 6144K, reserved 1048576K
}
Event: 26.838 GC heap before
{Heap before GC invocations=10 (full 2):
 PSYoungGen      total 838656K, used 837803K [0x0000000715580000, 0x0000000766800000, 0x00000007c0000000)
  eden space 775168K, 100% used [0x0000000715580000,0x0000000744a80000,0x0000000744a80000)
  from space 63488K, 98% used [0x0000000744a80000,0x00000007487aae28,0x0000000748880000)
  to   space 72704K, 0% used [0x0000000762100000,0x0000000762100000,0x0000000766800000)
 ParOldGen       total 374784K, used 100045K [0x00000005c0000000, 0x00000005d6e00000, 0x0000000715580000)
  object space 374784K, 26% used [0x00000005c0000000,0x00000005c61b36b0,0x00000005d6e00000)
 Metaspace       used 46508K, capacity 47197K, committed 47744K, reserved 1091584K
  class space    used 5979K, capacity 6182K, committed 6272K, reserved 1048576K
Event: 26.865 GC heap after
Heap after GC invocations=10 (full 2):
 PSYoungGen      total 1180672K, used 38035K [0x0000000715580000, 0x0000000764680000, 0x00000007c0000000)
  eden space 1142272K, 0% used [0x0000000715580000,0x0000000715580000,0x000000075b100000)
  from space 38400K, 99% used [0x0000000762100000,0x0000000764624eb0,0x0000000764680000)
  to   space 69120K, 0% used [0x000000075bf80000,0x000000075bf80000,0x0000000760300000)
 ParOldGen       total 374784K, used 100053K [0x00000005c0000000, 0x00000005d6e00000, 0x0000000715580000)
  object space 374784K, 26% used [0x00000005c0000000,0x00000005c61b56b0,0x00000005d6e00000)
 Metaspace       used 46508K, capacity 47197K, committed 47744K, reserved 1091584K
  class space    used 5979K, capacity 6182K, committed 6272K, reserved 1048576K
}
Event: 59.512 GC heap before
{Heap before GC invocations=11 (full 2):
 PSYoungGen      total 1180672K, used 1180307K [0x0000000715580000, 0x0000000764680000, 0x00000007c0000000)
  eden space 1142272K, 100% used [0x0000000715580000,0x000000075b100000,0x000000075b100000)
  from space 38400K, 99% used [0x0000000762100000,0x0000000764624eb0,0x0000000764680000)
  to   space 69120K, 0% used [0x000000075bf80000,0x000000075bf80000,0x0000000760300000)
 ParOldGen       total 374784K, used 100053K [0x00000005c0000000, 0x00000005d6e00000, 0x0000000715580000)
  object space 374784K, 26% used [0x00000005c0000000,0x00000005c61b56b0,0x00000005d6e00000)
 Metaspace       used 52492K, capacity 53251K, committed 53504K, reserved 1095680K
  class space    used 6650K, capacity 6853K, committed 6912K, reserved 1048576K
Event: 59.572 GC heap after
Heap after GC invocations=11 (full 2):
 PSYoungGen      total 1226240K, used 69114K [0x0000000715580000, 0x0000000776780000, 0x00000007c0000000)
  eden space 1157120K, 0% used [0x0000000715580000,0x0000000715580000,0x000000075bf80000)
  from space 69120K, 99% used [0x000000075bf80000,0x00000007602fead0,0x0000000760300000)
  to   space 82432K, 0% used [0x0000000771700000,0x0000000771700000,0x0000000776780000)
 ParOldGen       total 374784K, used 111565K [0x00000005c0000000, 0x00000005d6e00000, 0x0000000715580000)
  object space 374784K, 29% used [0x00000005c0000000,0x00000005c6cf3510,0x00000005d6e00000)
 Metaspace       used 52492K, capacity 53251K, committed 53504K, reserved 1095680K
  class space    used 6650K, capacity 6853K, committed 6912K, reserved 1048576K
}

