# JRE version: OpenJDK Runtime Environment (8.0_382-b05) (build 1.8.0_382-b05)
# Java VM: OpenJDK 64-Bit Server VM (25.382-b05 mixed mode bsd-amd64 compressed oops)
Heap:
 PSYoungGen      total 1084416K, used 656923K [0x0000000715580000, 0x000000076eb00000, 0x00000007c0000000)
  eden space 1021440K, 58% used [0x0000000715580000,0x00000007399893e0,0x0000000753b00000)
  from space 62976K, 99% used [0x0000000753b00000,0x000000075787da28,0x0000000757880000)
  to   space 72704K, 0% used [0x000000076a400000,0x000000076a400000,0x000000076eb00000)
 ParOldGen       total 380928K, used 102511K [0x00000005c0000000, 0x00000005d7400000, 0x0000000715580000)
  object space 380928K, 26% used [0x00000005c0000000,0x00000005c641bd10,0x00000005d7400000)
 Metaspace       used 55107K, capacity 56021K, committed 56448K, reserved 1097728K
  class space    used 7001K, capacity 7256K, committed 7296K, reserved 1048576K
GC Heap History (10 events):
Event: 10.067 GC heap before
{Heap before GC invocations=7 (full 1):
 PSYoungGen      total 446464K, used 421089K [0x0000000715580000, 0x0000000745780000, 0x00000007c0000000)
  eden space 424960K, 94% used [0x0000000715580000,0x000000072dbbd290,0x000000072f480000)
  from space 21504K, 99% used [0x000000072f480000,0x000000073097b220,0x0000000730980000)
  to   space 60928K, 0% used [0x0000000741c00000,0x0000000741c00000,0x0000000745780000)
 ParOldGen       total 224768K, used 99729K [0x00000005c0000000, 0x00000005cdb80000, 0x0000000715580000)
  object space 224768K, 44% used [0x00000005c0000000,0x00000005c6164670,0x00000005cdb80000)
 Metaspace       used 34852K, capacity 35172K, committed 35496K, reserved 1079296K
  class space    used 4668K, capacity 4795K, committed 4864K, reserved 1048576K
Event: 10.087 GC heap after
Heap after GC invocations=7 (full 1):
 PSYoungGen      total 729600K, used 39550K [0x0000000715580000, 0x0000000745e80000, 0x00000007c0000000)
  eden space 668672K, 0% used [0x0000000715580000,0x0000000715580000,0x000000073e280000)
  from space 60928K, 64% used [0x0000000741c00000,0x000000074429fb18,0x0000000745780000)
  to   space 58880K, 0% used [0x000000073e280000,0x000000073e280000,0x0000000741c00000)
 ParOldGen       total 224768K, used 99729K [0x00000005c0000000, 0x00000005cdb80000, 0x0000000715580000)
  object space 224768K, 44% used [0x00000005c0000000,0x00000005c6164670,0x00000005cdb80000)
 Metaspace       used 34852K, capacity 35172K, committed 35496K, reserved 1079296K
  class space    used 4668K, capacity 4795K, committed 4864K, reserved 1048576K
}
Event: 10.087 GC heap before
{Heap before GC invocations=8 (full 2):
 PSYoungGen      total 729600K, used 39550K [0x0000000715580000, 0x0000000745e80000, 0x00000007c0000000)
  eden space 668672K, 0% used [0x0000000715580000,0x0000000715580000,0x000000073e280000)
  from space 60928K, 64% used [0x0000000741c00000,0x000000074429fb18,0x0000000745780000)
  to   space 58880K, 0% used [0x000000073e280000,0x000000073e280000,0x0000000741c00000)
 ParOldGen       total 224768K, used 99729K [0x00000005c0000000, 0x00000005cdb80000, 0x0000000715580000)
  object space 224768K, 44% used [0x00000005c0000000,0x00000005c6164670,0x00000005cdb80000)
 Metaspace       used 34852K, capacity 35172K, committed 35496K, reserved 1079296K
  class space    used 4668K, capacity 4795K, committed 4864K, reserved 1048576K
Event: 10.184 GC heap after
Heap after GC invocations=8 (full 2):
 PSYoungGen      total 729600K, used 0K [0x0000000715580000, 0x0000000745e80000, 0x00000007c0000000)
  eden space 668672K, 0% used [0x0000000715580000,0x0000000715580000,0x000000073e280000)
  from space 60928K, 0% used [0x0000000741c00000,0x0000000741c00000,0x0000000745780000)
  to   space 58880K, 0% used [0x000000073e280000,0x000000073e280000,0x0000000741c00000)
 ParOldGen       total 380928K, used 95596K [0x00000005c0000000, 0x00000005d7400000, 0x0000000715580000)
  object space 380928K, 25% used [0x00000005c0000000,0x00000005c5d5b3d0,0x00000005d7400000)
 Metaspace       used 34852K, capacity 35172K, committed 35496K, reserved 1079296K
  class space    used 4668K, capacity 4795K, committed 4864K, reserved 1048576K
}
Event: 13.879 GC heap before
{Heap before GC invocations=9 (full 2):
 PSYoungGen      total 729600K, used 668672K [0x0000000715580000, 0x0000000745e80000, 0x00000007c0000000)
  eden space 668672K, 100% used [0x0000000715580000,0x000000073e280000,0x000000073e280000)
  from space 60928K, 0% used [0x0000000741c00000,0x0000000741c00000,0x0000000745780000)
  to   space 58880K, 0% used [0x000000073e280000,0x000000073e280000,0x0000000741c00000)
 ParOldGen       total 380928K, used 95596K [0x00000005c0000000, 0x00000005d7400000, 0x0000000715580000)
  object space 380928K, 25% used [0x00000005c0000000,0x00000005c5d5b3d0,0x00000005d7400000)
 Metaspace       used 42254K, capacity 42751K, committed 43392K, reserved 1087488K
  class space    used 5510K, capacity 5651K, committed 5760K, reserved 1048576K
Event: 13.928 GC heap after
Heap after GC invocations=9 (full 2):
 PSYoungGen      total 727552K, used 57066K [0x0000000715580000, 0x000000075d000000, 0x00000007c0000000)
  eden space 668672K, 0% used [0x0000000715580000,0x0000000715580000,0x000000073e280000)
  from space 58880K, 96% used [0x000000073e280000,0x0000000741a3ab30,0x0000000741c00000)
  to   space 66048K, 0% used [0x0000000758f80000,0x0000000758f80000,0x000000075d000000)
 ParOldGen       total 380928K, used 95604K [0x00000005c0000000, 0x00000005d7400000, 0x0000000715580000)
  object space 380928K, 25% used [0x00000005c0000000,0x00000005c5d5d3d0,0x00000005d7400000)
 Metaspace       used 42254K, capacity 42751K, committed 43392K, reserved 1087488K
  class space    used 5510K, capacity 5651K, committed 5760K, reserved 1048576K
}
Event: 18.444 GC heap before
{Heap before GC invocations=10 (full 2):
 PSYoungGen      total 727552K, used 725738K [0x0000000715580000, 0x000000075d000000, 0x00000007c0000000)
  eden space 668672K, 100% used [0x0000000715580000,0x000000073e280000,0x000000073e280000)
  from space 58880K, 96% used [0x000000073e280000,0x0000000741a3ab30,0x0000000741c00000)
  to   space 66048K, 0% used [0x0000000758f80000,0x0000000758f80000,0x000000075d000000)
 ParOldGen       total 380928K, used 95604K [0x00000005c0000000, 0x00000005d7400000, 0x0000000715580000)
  object space 380928K, 25% used [0x00000005c0000000,0x00000005c5d5d3d0,0x00000005d7400000)
 Metaspace       used 48804K, capacity 49563K, committed 50048K, reserved 1093632K
  class space    used 6267K, capacity 6519K, committed 6528K, reserved 1048576K
Event: 18.473 GC heap after
Heap after GC invocations=10 (full 2):
 PSYoungGen      total 1053696K, used 39295K [0x0000000715580000, 0x000000075b600000, 0x00000007c0000000)
  eden space 1014272K, 0% used [0x0000000715580000,0x0000000715580000,0x0000000753400000)
  from space 39424K, 99% used [0x0000000758f80000,0x000000075b5dfc00,0x000000075b600000)
  to   space 62976K, 0% used [0x0000000753b00000,0x0000000753b00000,0x0000000757880000)
 ParOldGen       total 380928K, used 95612K [0x00000005c0000000, 0x00000005d7400000, 0x0000000715580000)
  object space 380928K, 25% used [0x00000005c0000000,0x00000005c5d5f3d0,0x00000005d7400000)
 Metaspace       used 48804K, capacity 49563K, committed 50048K, reserved 1093632K
  class space    used 6267K, capacity 6519K, committed 6528K, reserved 1048576K
}
Event: 24.758 GC heap before
{Heap before GC invocations=11 (full 2):
 PSYoungGen      total 1053696K, used 1053567K [0x0000000715580000, 0x000000075b600000, 0x00000007c0000000)
  eden space 1014272K, 100% used [0x0000000715580000,0x0000000753400000,0x0000000753400000)
  from space 39424K, 99% used [0x0000000758f80000,0x000000075b5dfc00,0x000000075b600000)
  to   space 62976K, 0% used [0x0000000753b00000,0x0000000753b00000,0x0000000757880000)
 ParOldGen       total 380928K, used 95612K [0x00000005c0000000, 0x00000005d7400000, 0x0000000715580000)
  object space 380928K, 25% used [0x00000005c0000000,0x00000005c5d5f3d0,0x00000005d7400000)
 Metaspace       used 50845K, capacity 51601K, committed 52096K, reserved 1095680K
  class space    used 6481K, capacity 6720K, committed 6784K, reserved 1048576K
Event: 24.823 GC heap after
Heap after GC invocations=11 (full 2):
 PSYoungGen      total 1084416K, used 62966K [0x0000000715580000, 0x000000076eb00000, 0x00000007c0000000)
  eden space 1021440K, 0% used [0x0000000715580000,0x0000000715580000,0x0000000753b00000)
  from space 62976K, 99% used [0x0000000753b00000,0x000000075787da28,0x0000000757880000)
  to   space 72704K, 0% used [0x000000076a400000,0x000000076a400000,0x000000076eb00000)
 ParOldGen       total 380928K, used 102511K [0x00000005c0000000, 0x00000005d7400000, 0x0000000715580000)
  object space 380928K, 26% used [0x00000005c0000000,0x00000005c641bd10,0x00000005d7400000)
 Metaspace       used 50845K, capacity 51601K, committed 52096K, reserved 1095680K
  class space    used 6481K, capacity 6720K, committed 6784K, reserved 1048576K
}

