# JRE version: Java(TM) SE Runtime Environment (8.0_202-b08) (build 1.8.0_202-b08)
# Java VM: Java HotSpot(TM) 64-Bit Server VM (25.202-b08 mixed mode bsd-amd64 compressed oops)
Heap:
 PSYoungGen      total 873984K, used 40306K [0x0000000715580000, 0x0000000750780000, 0x00000007c0000000)
  eden space 815616K, 4% used [0x0000000715580000,0x0000000717cdc9f8,0x0000000747200000)
  from space 58368K, 0% used [0x000000074b380000,0x000000074b380000,0x000000074ec80000)
  to   space 67072K, 0% used [0x0000000747200000,0x0000000747200000,0x000000074b380000)
 ParOldGen       total 325632K, used 98179K [0x00000005c0000000, 0x00000005d3e00000, 0x0000000715580000)
  object space 325632K, 30% used [0x00000005c0000000,0x00000005c5fe0f70,0x00000005d3e00000)
 Metaspace       used 35670K, capacity 36108K, committed 36480K, reserved 1081344K
  class space    used 4784K, capacity 4939K, committed 4992K, reserved 1048576K
GC Heap History (10 events):
Event: 9.626 GC heap before
{Heap before GC invocations=6 (full 1):
 PSYoungGen      total 284672K, used 263168K [0x0000000715580000, 0x0000000728080000, 0x00000007c0000000)
  eden space 263168K, 100% used [0x0000000715580000,0x0000000725680000,0x0000000725680000)
  from space 21504K, 0% used [0x0000000726b80000,0x0000000726b80000,0x0000000728080000)
  to   space 21504K, 0% used [0x0000000725680000,0x0000000725680000,0x0000000726b80000)
 ParOldGen       total 224256K, used 41073K [0x00000005c0000000, 0x00000005cdb00000, 0x0000000715580000)
  object space 224256K, 18% used [0x00000005c0000000,0x00000005c281c708,0x00000005cdb00000)
 Metaspace       used 25026K, capacity 25362K, committed 25728K, reserved 1071104K
  class space    used 3005K, capacity 3106K, committed 3200K, reserved 1048576K
Event: 9.640 GC heap after
Heap after GC invocations=6 (full 1):
 PSYoungGen      total 284672K, used 21492K [0x0000000715580000, 0x0000000738d80000, 0x00000007c0000000)
  eden space 263168K, 0% used [0x0000000715580000,0x0000000715580000,0x0000000725680000)
  from space 21504K, 99% used [0x0000000725680000,0x0000000726b7d2e8,0x0000000726b80000)
  to   space 52224K, 0% used [0x0000000735a80000,0x0000000735a80000,0x0000000738d80000)
 ParOldGen       total 224256K, used 44184K [0x00000005c0000000, 0x00000005cdb00000, 0x0000000715580000)
  object space 224256K, 19% used [0x00000005c0000000,0x00000005c2b26218,0x00000005cdb00000)
 Metaspace       used 25026K, capacity 25362K, committed 25728K, reserved 1071104K
  class space    used 3005K, capacity 3106K, committed 3200K, reserved 1048576K
}
Event: 11.284 GC heap before
{Heap before GC invocations=7 (full 1):
 PSYoungGen      total 284672K, used 284660K [0x0000000715580000, 0x0000000738d80000, 0x00000007c0000000)
  eden space 263168K, 100% used [0x0000000715580000,0x0000000725680000,0x0000000725680000)
  from space 21504K, 99% used [0x0000000725680000,0x0000000726b7d2e8,0x0000000726b80000)
  to   space 52224K, 0% used [0x0000000735a80000,0x0000000735a80000,0x0000000738d80000)
 ParOldGen       total 224256K, used 44184K [0x00000005c0000000, 0x00000005cdb00000, 0x0000000715580000)
  object space 224256K, 19% used [0x00000005c0000000,0x00000005c2b26218,0x00000005cdb00000)
 Metaspace       used 27986K, capacity 28366K, committed 28672K, reserved 1075200K
  class space    used 3427K, capacity 3530K, committed 3584K, reserved 1048576K
Event: 11.299 GC heap after
Heap after GC invocations=7 (full 1):
 PSYoungGen      total 509952K, used 34270K [0x0000000715580000, 0x0000000738280000, 0x00000007c0000000)
  eden space 468992K, 0% used [0x0000000715580000,0x0000000715580000,0x0000000731f80000)
  from space 40960K, 83% used [0x0000000735a80000,0x0000000737bf7a80,0x0000000738280000)
  to   space 50688K, 0% used [0x0000000731f80000,0x0000000731f80000,0x0000000735100000)
 ParOldGen       total 224256K, used 44192K [0x00000005c0000000, 0x00000005cdb00000, 0x0000000715580000)
  object space 224256K, 19% used [0x00000005c0000000,0x00000005c2b28218,0x00000005cdb00000)
 Metaspace       used 27986K, capacity 28366K, committed 28672K, reserved 1075200K
  class space    used 3427K, capacity 3530K, committed 3584K, reserved 1048576K
}
Event: 12.887 GC heap before
{Heap before GC invocations=8 (full 1):
 PSYoungGen      total 509952K, used 503262K [0x0000000715580000, 0x0000000738280000, 0x00000007c0000000)
  eden space 468992K, 100% used [0x0000000715580000,0x0000000731f80000,0x0000000731f80000)
  from space 40960K, 83% used [0x0000000735a80000,0x0000000737bf7a80,0x0000000738280000)
  to   space 50688K, 0% used [0x0000000731f80000,0x0000000731f80000,0x0000000735100000)
 ParOldGen       total 224256K, used 44192K [0x00000005c0000000, 0x00000005cdb00000, 0x0000000715580000)
  object space 224256K, 19% used [0x00000005c0000000,0x00000005c2b28218,0x00000005cdb00000)
 Metaspace       used 33279K, capacity 33678K, committed 34176K, reserved 1079296K
  class space    used 4516K, capacity 4618K, committed 4736K, reserved 1048576K
Event: 12.910 GC heap after
Heap after GC invocations=8 (full 1):
 PSYoungGen      total 519680K, used 50687K [0x0000000715580000, 0x000000074ec80000, 0x00000007c0000000)
  eden space 468992K, 0% used [0x0000000715580000,0x0000000715580000,0x0000000731f80000)
  from space 50688K, 99% used [0x0000000731f80000,0x00000007350ffd08,0x0000000735100000)
  to   space 58368K, 0% used [0x000000074b380000,0x000000074b380000,0x000000074ec80000)
 ParOldGen       total 224256K, used 45747K [0x00000005c0000000, 0x00000005cdb00000, 0x0000000715580000)
  object space 224256K, 20% used [0x00000005c0000000,0x00000005c2cacd50,0x00000005cdb00000)
 Metaspace       used 33279K, capacity 33678K, committed 34176K, reserved 1079296K
  class space    used 4516K, capacity 4618K, committed 4736K, reserved 1048576K
}
Event: 13.916 GC heap before
{Heap before GC invocations=9 (full 1):
 PSYoungGen      total 519680K, used 227166K [0x0000000715580000, 0x000000074ec80000, 0x00000007c0000000)
  eden space 468992K, 37% used [0x0000000715580000,0x00000007201d7d30,0x0000000731f80000)
  from space 50688K, 99% used [0x0000000731f80000,0x00000007350ffd08,0x0000000735100000)
  to   space 58368K, 0% used [0x000000074b380000,0x000000074b380000,0x000000074ec80000)
 ParOldGen       total 224256K, used 45747K [0x00000005c0000000, 0x00000005cdb00000, 0x0000000715580000)
  object space 224256K, 20% used [0x00000005c0000000,0x00000005c2cacd50,0x00000005cdb00000)
 Metaspace       used 34793K, capacity 35230K, committed 35496K, reserved 1079296K
  class space    used 4693K, capacity 4836K, committed 4864K, reserved 1048576K
Event: 13.955 GC heap after
Heap after GC invocations=9 (full 1):
 PSYoungGen      total 873984K, used 58338K [0x0000000715580000, 0x0000000750780000, 0x00000007c0000000)
  eden space 815616K, 0% used [0x0000000715580000,0x0000000715580000,0x0000000747200000)
  from space 58368K, 99% used [0x000000074b380000,0x000000074ec78a80,0x000000074ec80000)
  to   space 67072K, 0% used [0x0000000747200000,0x0000000747200000,0x000000074b380000)
 ParOldGen       total 224256K, used 48682K [0x00000005c0000000, 0x00000005cdb00000, 0x0000000715580000)
  object space 224256K, 21% used [0x00000005c0000000,0x00000005c2f8aaa8,0x00000005cdb00000)
 Metaspace       used 34793K, capacity 35230K, committed 35496K, reserved 1079296K
  class space    used 4693K, capacity 4836K, committed 4864K, reserved 1048576K
}
Event: 13.955 GC heap before
{Heap before GC invocations=10 (full 2):
 PSYoungGen      total 873984K, used 58338K [0x0000000715580000, 0x0000000750780000, 0x00000007c0000000)
  eden space 815616K, 0% used [0x0000000715580000,0x0000000715580000,0x0000000747200000)
  from space 58368K, 99% used [0x000000074b380000,0x000000074ec78a80,0x000000074ec80000)
  to   space 67072K, 0% used [0x0000000747200000,0x0000000747200000,0x000000074b380000)
 ParOldGen       total 224256K, used 48682K [0x00000005c0000000, 0x00000005cdb00000, 0x0000000715580000)
  object space 224256K, 21% used [0x00000005c0000000,0x00000005c2f8aaa8,0x00000005cdb00000)
 Metaspace       used 34793K, capacity 35230K, committed 35496K, reserved 1079296K
  class space    used 4693K, capacity 4836K, committed 4864K, reserved 1048576K
Event: 14.077 GC heap after
Heap after GC invocations=10 (full 2):
 PSYoungGen      total 873984K, used 0K [0x0000000715580000, 0x0000000750780000, 0x00000007c0000000)
  eden space 815616K, 0% used [0x0000000715580000,0x0000000715580000,0x0000000747200000)
  from space 58368K, 0% used [0x000000074b380000,0x000000074b380000,0x000000074ec80000)
  to   space 67072K, 0% used [0x0000000747200000,0x0000000747200000,0x000000074b380000)
 ParOldGen       total 325632K, used 98179K [0x00000005c0000000, 0x00000005d3e00000, 0x0000000715580000)
  object space 325632K, 30% used [0x00000005c0000000,0x00000005c5fe0f70,0x00000005d3e00000)
 Metaspace       used 34793K, capacity 35230K, committed 35496K, reserved 1079296K
  class space    used 4693K, capacity 4836K, committed 4864K, reserved 1048576K
}

