# JRE version: OpenJDK Runtime Environment (8.0_382-b05) (build 1.8.0_382-b05)
# Java VM: OpenJDK 64-Bit Server VM (25.382-b05 mixed mode bsd-amd64 compressed oops)
Heap:
 PSYoungGen      total 1037312K, used 759820K [0x0000000715580000, 0x000000076a900000, 0x00000007c0000000)
  eden space 971264K, 72% used [0x0000000715580000,0x00000007402ac3f0,0x0000000750a00000)
  from space 66048K, 88% used [0x0000000750a00000,0x00000007542d6f80,0x0000000754a80000)
  to   space 70656K, 0% used [0x0000000766400000,0x0000000766400000,0x000000076a900000)
 ParOldGen       total 391680K, used 104749K [0x00000005c0000000, 0x00000005d7e80000, 0x0000000715580000)
  object space 391680K, 26% used [0x00000005c0000000,0x00000005c664b5e8,0x00000005d7e80000)
 Metaspace       used 55142K, capacity 56015K, committed 56448K, reserved 1097728K
  class space    used 7001K, capacity 7255K, committed 7296K, reserved 1048576K
GC Heap History (10 events):
Event: 10.918 GC heap before
{Heap before GC invocations=7 (full 1):
 PSYoungGen      total 446464K, used 406915K [0x0000000715580000, 0x0000000744680000, 0x00000007c0000000)
  eden space 424960K, 90% used [0x0000000715580000,0x000000072cde4240,0x000000072f480000)
  from space 21504K, 99% used [0x000000072f480000,0x000000073097cb30,0x0000000730980000)
  to   space 60416K, 0% used [0x0000000740b80000,0x0000000740b80000,0x0000000744680000)
 ParOldGen       total 223232K, used 99895K [0x00000005c0000000, 0x00000005cda00000, 0x0000000715580000)
  object space 223232K, 44% used [0x00000005c0000000,0x00000005c618de18,0x00000005cda00000)
 Metaspace       used 34762K, capacity 35172K, committed 35496K, reserved 1079296K
  class space    used 4651K, capacity 4795K, committed 4864K, reserved 1048576K
Event: 10.941 GC heap after
Heap after GC invocations=7 (full 1):
 PSYoungGen      total 707584K, used 48090K [0x0000000715580000, 0x0000000746200000, 0x00000007c0000000)
  eden space 647168K, 0% used [0x0000000715580000,0x0000000715580000,0x000000073cd80000)
  from space 60416K, 79% used [0x0000000740b80000,0x0000000743a76830,0x0000000744680000)
  to   space 63488K, 0% used [0x000000073cd80000,0x000000073cd80000,0x0000000740b80000)
 ParOldGen       total 223232K, used 99903K [0x00000005c0000000, 0x00000005cda00000, 0x0000000715580000)
  object space 223232K, 44% used [0x00000005c0000000,0x00000005c618fe18,0x00000005cda00000)
 Metaspace       used 34762K, capacity 35172K, committed 35496K, reserved 1079296K
  class space    used 4651K, capacity 4795K, committed 4864K, reserved 1048576K
}
Event: 10.941 GC heap before
{Heap before GC invocations=8 (full 2):
 PSYoungGen      total 707584K, used 48090K [0x0000000715580000, 0x0000000746200000, 0x00000007c0000000)
  eden space 647168K, 0% used [0x0000000715580000,0x0000000715580000,0x000000073cd80000)
  from space 60416K, 79% used [0x0000000740b80000,0x0000000743a76830,0x0000000744680000)
  to   space 63488K, 0% used [0x000000073cd80000,0x000000073cd80000,0x0000000740b80000)
 ParOldGen       total 223232K, used 99903K [0x00000005c0000000, 0x00000005cda00000, 0x0000000715580000)
  object space 223232K, 44% used [0x00000005c0000000,0x00000005c618fe18,0x00000005cda00000)
 Metaspace       used 34762K, capacity 35172K, committed 35496K, reserved 1079296K
  class space    used 4651K, capacity 4795K, committed 4864K, reserved 1048576K
Event: 11.042 GC heap after
Heap after GC invocations=8 (full 2):
 PSYoungGen      total 707584K, used 0K [0x0000000715580000, 0x0000000746200000, 0x00000007c0000000)
  eden space 647168K, 0% used [0x0000000715580000,0x0000000715580000,0x000000073cd80000)
  from space 60416K, 0% used [0x0000000740b80000,0x0000000740b80000,0x0000000744680000)
  to   space 63488K, 0% used [0x000000073cd80000,0x000000073cd80000,0x0000000740b80000)
 ParOldGen       total 391680K, used 104725K [0x00000005c0000000, 0x00000005d7e80000, 0x0000000715580000)
  object space 391680K, 26% used [0x00000005c0000000,0x00000005c66455e8,0x00000005d7e80000)
 Metaspace       used 34762K, capacity 35172K, committed 35496K, reserved 1079296K
  class space    used 4651K, capacity 4795K, committed 4864K, reserved 1048576K
}
Event: 14.711 GC heap before
{Heap before GC invocations=9 (full 2):
 PSYoungGen      total 707584K, used 647168K [0x0000000715580000, 0x0000000746200000, 0x00000007c0000000)
  eden space 647168K, 100% used [0x0000000715580000,0x000000073cd80000,0x000000073cd80000)
  from space 60416K, 0% used [0x0000000740b80000,0x0000000740b80000,0x0000000744680000)
  to   space 63488K, 0% used [0x000000073cd80000,0x000000073cd80000,0x0000000740b80000)
 ParOldGen       total 391680K, used 104725K [0x00000005c0000000, 0x00000005d7e80000, 0x0000000715580000)
  object space 391680K, 26% used [0x00000005c0000000,0x00000005c66455e8,0x00000005d7e80000)
 Metaspace       used 41964K, capacity 42571K, committed 43008K, reserved 1087488K
  class space    used 5443K, capacity 5611K, committed 5632K, reserved 1048576K
Event: 14.740 GC heap after
Heap after GC invocations=9 (full 2):
 PSYoungGen      total 710656K, used 56340K [0x0000000715580000, 0x000000075a780000, 0x00000007c0000000)
  eden space 647168K, 0% used [0x0000000715580000,0x0000000715580000,0x000000073cd80000)
  from space 63488K, 88% used [0x000000073cd80000,0x0000000740485060,0x0000000740b80000)
  to   space 69120K, 0% used [0x0000000756400000,0x0000000756400000,0x000000075a780000)
 ParOldGen       total 391680K, used 104733K [0x00000005c0000000, 0x00000005d7e80000, 0x0000000715580000)
  object space 391680K, 26% used [0x00000005c0000000,0x00000005c66475e8,0x00000005d7e80000)
 Metaspace       used 41964K, capacity 42571K, committed 43008K, reserved 1087488K
  class space    used 5443K, capacity 5611K, committed 5632K, reserved 1048576K
}
Event: 18.870 GC heap before
{Heap before GC invocations=10 (full 2):
 PSYoungGen      total 710656K, used 703508K [0x0000000715580000, 0x000000075a780000, 0x00000007c0000000)
  eden space 647168K, 100% used [0x0000000715580000,0x000000073cd80000,0x000000073cd80000)
  from space 63488K, 88% used [0x000000073cd80000,0x0000000740485060,0x0000000740b80000)
  to   space 69120K, 0% used [0x0000000756400000,0x0000000756400000,0x000000075a780000)
 ParOldGen       total 391680K, used 104733K [0x00000005c0000000, 0x00000005d7e80000, 0x0000000715580000)
  object space 391680K, 26% used [0x00000005c0000000,0x00000005c66475e8,0x00000005d7e80000)
 Metaspace       used 48813K, capacity 49563K, committed 50048K, reserved 1093632K
  class space    used 6267K, capacity 6519K, committed 6528K, reserved 1048576K
Event: 18.899 GC heap after
Heap after GC invocations=10 (full 2):
 PSYoungGen      total 1011200K, used 38162K [0x0000000715580000, 0x0000000758b00000, 0x00000007c0000000)
  eden space 971264K, 0% used [0x0000000715580000,0x0000000715580000,0x0000000750a00000)
  from space 39936K, 95% used [0x0000000756400000,0x0000000758944838,0x0000000758b00000)
  to   space 66048K, 0% used [0x0000000750a00000,0x0000000750a00000,0x0000000754a80000)
 ParOldGen       total 391680K, used 104741K [0x00000005c0000000, 0x00000005d7e80000, 0x0000000715580000)
  object space 391680K, 26% used [0x00000005c0000000,0x00000005c66495e8,0x00000005d7e80000)
 Metaspace       used 48813K, capacity 49563K, committed 50048K, reserved 1093632K
  class space    used 6267K, capacity 6519K, committed 6528K, reserved 1048576K
}
Event: 25.079 GC heap before
{Heap before GC invocations=11 (full 2):
 PSYoungGen      total 1011200K, used 1009426K [0x0000000715580000, 0x0000000758b00000, 0x00000007c0000000)
  eden space 971264K, 100% used [0x0000000715580000,0x0000000750a00000,0x0000000750a00000)
  from space 39936K, 95% used [0x0000000756400000,0x0000000758944838,0x0000000758b00000)
  to   space 66048K, 0% used [0x0000000750a00000,0x0000000750a00000,0x0000000754a80000)
 ParOldGen       total 391680K, used 104741K [0x00000005c0000000, 0x00000005d7e80000, 0x0000000715580000)
  object space 391680K, 26% used [0x00000005c0000000,0x00000005c66495e8,0x00000005d7e80000)
 Metaspace       used 50674K, capacity 51467K, committed 51840K, reserved 1093632K
  class space    used 6454K, capacity 6719K, committed 6784K, reserved 1048576K
Event: 25.142 GC heap after
Heap after GC invocations=11 (full 2):
 PSYoungGen      total 1037312K, used 58203K [0x0000000715580000, 0x000000076a900000, 0x00000007c0000000)
  eden space 971264K, 0% used [0x0000000715580000,0x0000000715580000,0x0000000750a00000)
  from space 66048K, 88% used [0x0000000750a00000,0x00000007542d6f80,0x0000000754a80000)
  to   space 70656K, 0% used [0x0000000766400000,0x0000000766400000,0x000000076a900000)
 ParOldGen       total 391680K, used 104749K [0x00000005c0000000, 0x00000005d7e80000, 0x0000000715580000)
  object space 391680K, 26% used [0x00000005c0000000,0x00000005c664b5e8,0x00000005d7e80000)
 Metaspace       used 50674K, capacity 51467K, committed 51840K, reserved 1093632K
  class space    used 6454K, capacity 6719K, committed 6784K, reserved 1048576K
}

