# JRE version: Java(TM) SE Runtime Environment (8.0_202-b08) (build 1.8.0_202-b08)
# Java VM: Java HotSpot(TM) 64-Bit Server VM (25.202-b08 mixed mode bsd-amd64 compressed oops)
Heap:
 PSYoungGen      total 843264K, used 35633K [0x0000000715580000, 0x0000000753c80000, 0x00000007c0000000)
  eden space 781312K, 4% used [0x0000000715580000,0x000000071784c568,0x0000000745080000)
  from space 61952K, 0% used [0x0000000748e80000,0x0000000748e80000,0x000000074cb00000)
  to   space 63488K, 0% used [0x0000000745080000,0x0000000745080000,0x0000000748e80000)
 ParOldGen       total 370688K, used 101085K [0x00000005c0000000, 0x00000005d6a00000, 0x0000000715580000)
  object space 370688K, 27% used [0x00000005c0000000,0x00000005c62b74c8,0x00000005d6a00000)
 Metaspace       used 35720K, capacity 36172K, committed 36480K, reserved 1081344K
  class space    used 4784K, capacity 4939K, committed 4992K, reserved 1048576K
GC Heap History (10 events):
Event: 6.345 GC heap before
{Heap before GC invocations=4 (full 1):
 PSYoungGen      total 284672K, used 21494K [0x0000000715580000, 0x0000000738180000, 0x00000007c0000000)
  eden space 263168K, 0% used [0x0000000715580000,0x0000000715580000,0x0000000725680000)
  from space 21504K, 99% used [0x0000000725680000,0x0000000726b7d870,0x0000000726b80000)
  to   space 21504K, 0% used [0x0000000736c80000,0x0000000736c80000,0x0000000738180000)
 ParOldGen       total 349696K, used 46753K [0x00000005c0000000, 0x00000005d5580000, 0x0000000715580000)
  object space 349696K, 13% used [0x00000005c0000000,0x00000005c2da84c8,0x00000005d5580000)
 Metaspace       used 20806K, capacity 21086K, committed 21296K, reserved 1069056K
  class space    used 2533K, capacity 2624K, committed 2688K, reserved 1048576K
Event: 6.386 GC heap after
Heap after GC invocations=4 (full 1):
 PSYoungGen      total 284672K, used 0K [0x0000000715580000, 0x0000000738180000, 0x00000007c0000000)
  eden space 263168K, 0% used [0x0000000715580000,0x0000000715580000,0x0000000725680000)
  from space 21504K, 0% used [0x0000000725680000,0x0000000725680000,0x0000000726b80000)
  to   space 21504K, 0% used [0x0000000736c80000,0x0000000736c80000,0x0000000738180000)
 ParOldGen       total 249344K, used 49706K [0x00000005c0000000, 0x00000005cf380000, 0x0000000715580000)
  object space 249344K, 19% used [0x00000005c0000000,0x00000005c308a880,0x00000005cf380000)
 Metaspace       used 20806K, capacity 21086K, committed 21296K, reserved 1069056K
  class space    used 2533K, capacity 2624K, committed 2688K, reserved 1048576K
}
Event: 9.201 GC heap before
{Heap before GC invocations=5 (full 1):
 PSYoungGen      total 284672K, used 263168K [0x0000000715580000, 0x0000000738180000, 0x00000007c0000000)
  eden space 263168K, 100% used [0x0000000715580000,0x0000000725680000,0x0000000725680000)
  from space 21504K, 0% used [0x0000000725680000,0x0000000725680000,0x0000000726b80000)
  to   space 21504K, 0% used [0x0000000736c80000,0x0000000736c80000,0x0000000738180000)
 ParOldGen       total 249344K, used 49706K [0x00000005c0000000, 0x00000005cf380000, 0x0000000715580000)
  object space 249344K, 19% used [0x00000005c0000000,0x00000005c308a880,0x00000005cf380000)
 Metaspace       used 25089K, capacity 25496K, committed 25728K, reserved 1071104K
  class space    used 3008K, capacity 3107K, committed 3200K, reserved 1048576K
Event: 9.212 GC heap after
Heap after GC invocations=5 (full 1):
 PSYoungGen      total 477696K, used 21479K [0x0000000715580000, 0x0000000738180000, 0x00000007c0000000)
  eden space 456192K, 0% used [0x0000000715580000,0x0000000715580000,0x0000000731300000)
  from space 21504K, 99% used [0x0000000736c80000,0x0000000738179e40,0x0000000738180000)
  to   space 21504K, 0% used [0x0000000735780000,0x0000000735780000,0x0000000736c80000)
 ParOldGen       total 249344K, used 53539K [0x00000005c0000000, 0x00000005cf380000, 0x0000000715580000)
  object space 249344K, 21% used [0x00000005c0000000,0x00000005c3448d70,0x00000005cf380000)
 Metaspace       used 25089K, capacity 25496K, committed 25728K, reserved 1071104K
  class space    used 3008K, capacity 3107K, committed 3200K, reserved 1048576K
}
Event: 11.380 GC heap before
{Heap before GC invocations=6 (full 1):
 PSYoungGen      total 477696K, used 477671K [0x0000000715580000, 0x0000000738180000, 0x00000007c0000000)
  eden space 456192K, 100% used [0x0000000715580000,0x0000000731300000,0x0000000731300000)
  from space 21504K, 99% used [0x0000000736c80000,0x0000000738179e40,0x0000000738180000)
  to   space 21504K, 0% used [0x0000000735780000,0x0000000735780000,0x0000000736c80000)
 ParOldGen       total 249344K, used 53539K [0x00000005c0000000, 0x00000005cf380000, 0x0000000715580000)
  object space 249344K, 21% used [0x00000005c0000000,0x00000005c3448d70,0x00000005cf380000)
 Metaspace       used 30111K, capacity 30542K, committed 30976K, reserved 1077248K
  class space    used 3877K, capacity 3978K, committed 4096K, reserved 1048576K
Event: 11.407 GC heap after
Heap after GC invocations=6 (full 1):
 PSYoungGen      total 547840K, used 21483K [0x0000000715580000, 0x000000074cb00000, 0x00000007c0000000)
  eden space 526336K, 0% used [0x0000000715580000,0x0000000715580000,0x0000000735780000)
  from space 21504K, 99% used [0x0000000735780000,0x0000000736c7acc8,0x0000000736c80000)
  to   space 61952K, 0% used [0x0000000748e80000,0x0000000748e80000,0x000000074cb00000)
 ParOldGen       total 249344K, used 76409K [0x00000005c0000000, 0x00000005cf380000, 0x0000000715580000)
  object space 249344K, 30% used [0x00000005c0000000,0x00000005c4a9e6c8,0x00000005cf380000)
 Metaspace       used 30111K, capacity 30542K, committed 30976K, reserved 1077248K
  class space    used 3877K, capacity 3978K, committed 4096K, reserved 1048576K
}
Event: 13.105 GC heap before
{Heap before GC invocations=7 (full 1):
 PSYoungGen      total 547840K, used 442650K [0x0000000715580000, 0x000000074cb00000, 0x00000007c0000000)
  eden space 526336K, 80% used [0x0000000715580000,0x000000072f0cbe28,0x0000000735780000)
  from space 21504K, 99% used [0x0000000735780000,0x0000000736c7acc8,0x0000000736c80000)
  to   space 61952K, 0% used [0x0000000748e80000,0x0000000748e80000,0x000000074cb00000)
 ParOldGen       total 249344K, used 76409K [0x00000005c0000000, 0x00000005cf380000, 0x0000000715580000)
  object space 249344K, 30% used [0x00000005c0000000,0x00000005c4a9e6c8,0x00000005cf380000)
 Metaspace       used 34831K, capacity 35230K, committed 35496K, reserved 1079296K
  class space    used 4692K, capacity 4836K, committed 4864K, reserved 1048576K
Event: 13.127 GC heap after
Heap after GC invocations=7 (full 1):
 PSYoungGen      total 843264K, used 44458K [0x0000000715580000, 0x0000000753c80000, 0x00000007c0000000)
  eden space 781312K, 0% used [0x0000000715580000,0x0000000715580000,0x0000000745080000)
  from space 61952K, 71% used [0x0000000748e80000,0x000000074b9eab50,0x000000074cb00000)
  to   space 63488K, 0% used [0x0000000745080000,0x0000000745080000,0x0000000748e80000)
 ParOldGen       total 249344K, used 76417K [0x00000005c0000000, 0x00000005cf380000, 0x0000000715580000)
  object space 249344K, 30% used [0x00000005c0000000,0x00000005c4aa06c8,0x00000005cf380000)
 Metaspace       used 34831K, capacity 35230K, committed 35496K, reserved 1079296K
  class space    used 4692K, capacity 4836K, committed 4864K, reserved 1048576K
}
Event: 13.127 GC heap before
{Heap before GC invocations=8 (full 2):
 PSYoungGen      total 843264K, used 44458K [0x0000000715580000, 0x0000000753c80000, 0x00000007c0000000)
  eden space 781312K, 0% used [0x0000000715580000,0x0000000715580000,0x0000000745080000)
  from space 61952K, 71% used [0x0000000748e80000,0x000000074b9eab50,0x000000074cb00000)
  to   space 63488K, 0% used [0x0000000745080000,0x0000000745080000,0x0000000748e80000)
 ParOldGen       total 249344K, used 76417K [0x00000005c0000000, 0x00000005cf380000, 0x0000000715580000)
  object space 249344K, 30% used [0x00000005c0000000,0x00000005c4aa06c8,0x00000005cf380000)
 Metaspace       used 34831K, capacity 35230K, committed 35496K, reserved 1079296K
  class space    used 4692K, capacity 4836K, committed 4864K, reserved 1048576K
Event: 13.242 GC heap after
Heap after GC invocations=8 (full 2):
 PSYoungGen      total 843264K, used 0K [0x0000000715580000, 0x0000000753c80000, 0x00000007c0000000)
  eden space 781312K, 0% used [0x0000000715580000,0x0000000715580000,0x0000000745080000)
  from space 61952K, 0% used [0x0000000748e80000,0x0000000748e80000,0x000000074cb00000)
  to   space 63488K, 0% used [0x0000000745080000,0x0000000745080000,0x0000000748e80000)
 ParOldGen       total 370688K, used 101085K [0x00000005c0000000, 0x00000005d6a00000, 0x0000000715580000)
  object space 370688K, 27% used [0x00000005c0000000,0x00000005c62b74c8,0x00000005d6a00000)
 Metaspace       used 34831K, capacity 35230K, committed 35496K, reserved 1079296K
  class space    used 4692K, capacity 4836K, committed 4864K, reserved 1048576K
}

